
===appier rc=0===


===biccamera rc=0===

=== character 列フォールバック警告 (1件) ===
  [info] biccamera panel_07: dialogue に未知タグ ['ob先輩'] が含まれます (character='nana' に決定、dialogue 本文は保持)
============================================================


===biprogy rc=0===

=== character 列フォールバック警告 (1件) ===
  [info] biprogy panel_06: dialogue に未知タグ ['ob社員'] が含まれます (character='nana' に決定、dialogue 本文は保持)
============================================================


===brainpad rc=0===

=== character 列フォールバック警告 (2件) ===
  [info] brainpad panel_06: dialogue に未知タグ ['ob先輩'] が含まれます (character='nana' に決定、dialogue 本文は保持)
  [info] brainpad panel_07: dialogue に未知タグ ['ob先輩'] が含まれます (character='nana' に決定、dialogue 本文は保持)
============================================================


===cainz rc=0===

=== character 列フォールバック警告 (2件) ===
  [info] cainz panel_06: dialogue に未知タグ ['先輩社員'] が含まれます (character='nana' に決定、dialogue 本文は保持)
  [info] cainz panel_07: dialogue に未知タグ ['採用担当者'] が含まれます (character='nana' に決定、dialogue 本文は保持)
============================================================


===ctc rc=0===

=== character 列フォールバック警告 (2件) ===
  [info] ctc panel_06: dialogue に未知タグ ['ob社員'] が含まれます (character='nana' に決定、dialogue 本文は保持)
  [info] ctc panel_07: dialogue に未知タグ ['ob社員'] が含まれます (character='nana' に決定、dialogue 本文は保持)
============================================================


===cyberagent rc=0===

=== character 列フォールバック警告 (1件) ===
  [info] cyberagent panel_06: dialogue に未知タグ ['ob先輩'] が含まれます (character='nana' に決定、dialogue 本文は保持)
============================================================


===daiwa-house rc=0===

=== character 列フォールバック警告 (2件) ===
  [info] daiwa-house panel_06: dialogue に未知タグ ['ob先輩'] が含まれます (character='nana' に決定、dialogue 本文は保持)
  [info] daiwa-house panel_07: dialogue に未知タグ ['ob先輩'] が含まれます (character='nana' に決定、dialogue 本文は保持)
============================================================


===dena rc=0===

=== character 列フォールバック警告 (2件) ===
  [info] dena panel_06: dialogue に未知タグ ['ob社員'] が含まれます (character='nana' に決定、dialogue 本文は保持)
  [info] dena panel_07: dialogue に未知タグ ['ob社員'] が含まれます (character='nana' に決定、dialogue 本文は保持)
============================================================


===elyza rc=0===

=== character 列フォールバック警告 (2件) ===
  [info] elyza panel_06: dialogue に未知タグ ['ob先輩'] が含まれます (character='nana' に決定、dialogue 本文は保持)
  [info] elyza panel_07: dialogue に未知タグ ['ob先輩'] が含まれます (character='nana' に決定、dialogue 本文は保持)
============================================================


===ey rc=0===


===freee rc=0===

=== character 列フォールバック警告 (2件) ===
  [info] freee panel_06: dialogue に未知タグ ['ob社員'] が含まれます (character='nana' に決定、dialogue 本文は保持)
  [info] freee panel_07: dialogue に未知タグ ['ob社員'] が含まれます (character='nana' に決定、dialogue 本文は保持)
============================================================


===fronteo rc=0===

=== character 列フォールバック警告 (2件) ===
  [info] fronteo panel_06: dialogue に未知タグ ['ob先輩'] が含まれます (character='haruki' に決定、dialogue 本文は保持)
  [info] fronteo panel_07: dialogue に未知タグ ['ob先輩'] が含まれます (character='nana' に決定、dialogue 本文は保持)
============================================================


===gmo rc=0===

=== character 列フォールバック警告 (2件) ===
  [info] gmo panel_06: dialogue に未知タグ ['ob先輩'] が含まれます (character='nana' に決定、dialogue 本文は保持)
  [info] gmo panel_07: dialogue に未知タグ ['ob先輩'] が含まれます (character='nana' に決定、dialogue 本文は保持)
============================================================


===gree rc=0===

=== character 列フォールバック警告 (1件) ===
  [info] gree panel_07: dialogue に未知タグ ['ob社員'] が含まれます (character='nana' に決定、dialogue 本文は保持)
============================================================


===haseko rc=0===

=== character 列フォールバック警告 (3件) ===
  [info] haseko panel_06: dialogue に未知タグ ['現場監督'] が含まれます (character='haruki' に決定、dialogue 本文は保持)
  [info] haseko panel_07: dialogue に未知タグ ['人事'] が含まれます (character='nana' に決定、dialogue 本文は保持)
  [info] haseko panel_08: dialogue に未知タグ ['技術者'] が含まれます (character='nana' に決定、dialogue 本文は保持)
============================================================


===iida-group-hd rc=0===

=== character 列フォールバック警告 (2件) ===
  [info] iida-group-hd panel_06: dialogue に未知タグ ['ob先輩'] が含まれます (character='nana' に決定、dialogue 本文は保持)
  [info] iida-group-hd panel_07: dialogue に未知タグ ['ob先輩'] が含まれます (character='nana' に決定、dialogue 本文は保持)
============================================================


===infroneer-hd rc=0===

=== character 列フォールバック警告 (2件) ===
  [info] infroneer-hd panel_06: dialogue に未知タグ ['ob先輩'] が含まれます (character='nana' に決定、dialogue 本文は保持)
  [info] infroneer-hd panel_07: dialogue に未知タグ ['ob先輩'] が含まれます (character='nana' に決定、dialogue 本文は保持)
============================================================


===kajima rc=0===

=== character 列フォールバック警告 (2件) ===
  [info] kajima panel_06: dialogue に未知タグ ['ob先輩'] が含まれます (character='nana' に決定、dialogue 本文は保持)
  [info] kajima panel_07: dialogue に未知タグ ['ob先輩'] が含まれます (character='nana' に決定、dialogue 本文は保持)
============================================================


===kandenko rc=0===

=== character 列フォールバック警告 (1件) ===
  [info] kandenko panel_07: dialogue に未知タグ ['ob社員'] が含まれます (character='nana' に決定、dialogue 本文は保持)
============================================================


===kaonavi rc=0===

=== character 列フォールバック警告 (2件) ===
  [info] kaonavi panel_06: dialogue に未知タグ ['ob先輩'] が含まれます (character='nana' に決定、dialogue 本文は保持)
  [info] kaonavi panel_07: dialogue に未知タグ ['ob先輩'] が含まれます (character='nana' に決定、dialogue 本文は保持)
============================================================


===kinden rc=0===

=== character 列フォールバック警告 (1件) ===
  [info] kinden panel_07: dialogue に未知タグ ['採用担当'] が含まれます (character='nana' に決定、dialogue 本文は保持)
============================================================


===komeri rc=0===

=== character 列フォールバック警告 (2件) ===
  [info] komeri panel_06: dialogue に未知タグ ['ob社員'] が含まれます (character='nana' に決定、dialogue 本文は保持)
  [info] komeri panel_07: dialogue に未知タグ ['ob社員'] が含まれます (character='nana' に決定、dialogue 本文は保持)
============================================================


===kubell rc=0===

=== character 列フォールバック警告 (1件) ===
  [info] kubell panel_07: dialogue に未知タグ ['採用担当'] が含まれます (character='nana' に決定、dialogue 本文は保持)
============================================================


===kumagai-gumi rc=0===

=== character 列フォールバック警告 (2件) ===
  [info] kumagai-gumi panel_06: dialogue に未知タグ ['ob先輩'] が含まれます (character='haruki' に決定、dialogue 本文は保持)
  [info] kumagai-gumi panel_07: dialogue に未知タグ ['ob先輩'] が含まれます (character='nana' に決定、dialogue 本文は保持)
============================================================


===layerx rc=0===

=== character 列フォールバック警告 (2件) ===
  [info] layerx panel_06: dialogue に未知タグ ['ob先輩'] が含まれます (character='haruki' に決定、dialogue 本文は保持)
  [info] layerx panel_07: dialogue に未知タグ ['ob先輩'] が含まれます (character='nana' に決定、dialogue 本文は保持)
============================================================


===matsukiyococokara rc=0===

=== character 列フォールバック警告 (1件) ===
  [info] matsukiyococokara panel_07: dialogue に未知タグ ['採用担当'] が含まれます (character='nana' に決定、dialogue 本文は保持)
============================================================


===mercari rc=0===

=== character 列フォールバック警告 (2件) ===
  [info] mercari panel_06: dialogue に未知タグ ['ob先輩'] が含まれます (character='haruki' に決定、dialogue 本文は保持)
  [info] mercari panel_07: dialogue に未知タグ ['ob先輩'] が含まれます (character='nana' に決定、dialogue 本文は保持)
============================================================


===mitsubishi-heavy rc=0===

=== character 列フォールバック警告 (2件) ===
  [info] mitsubishi-heavy panel_06: dialogue に未知タグ ['ob先輩'] が含まれます (character='haruki' に決定、dialogue 本文は保持)
  [info] mitsubishi-heavy panel_07: dialogue に未知タグ ['ob先輩'] が含まれます (character='nana' に決定、dialogue 本文は保持)
============================================================


===mixi rc=0===

=== character 列フォールバック警告 (2件) ===
  [info] mixi panel_06: dialogue に未知タグ ['ob先輩'] が含まれます (character='haruki' に決定、dialogue 本文は保持)
  [info] mixi panel_07: dialogue に未知タグ ['ob先輩'] が含まれます (character='nana' に決定、dialogue 本文は保持)
============================================================


===moneyforward rc=0===

=== character 列フォールバック警告 (2件) ===
  [info] moneyforward panel_06: dialogue に未知タグ ['ob先輩'] が含まれます (character='nana' に決定、dialogue 本文は保持)
  [info] moneyforward panel_07: dialogue に未知タグ ['採用担当者'] が含まれます (character='nana' に決定、dialogue 本文は保持)
============================================================


===mori-building rc=0===

=== character 列フォールバック警告 (2件) ===
  [info] mori-building panel_06: dialogue に未知タグ ['ob社員'] が含まれます (character='nana' に決定、dialogue 本文は保持)
  [info] mori-building panel_07: dialogue に未知タグ ['ob社員'] が含まれます (character='nana' に決定、dialogue 本文は保持)
============================================================


===nec rc=0===

=== character 列フォールバック警告 (2件) ===
  [info] nec panel_06: dialogue に未知タグ ['ob先輩'] が含まれます (character='haruki' に決定、dialogue 本文は保持)
  [info] nec panel_07: dialogue に未知タグ ['ob先輩'] が含まれます (character='nana' に決定、dialogue 本文は保持)
============================================================


===nishimatsu rc=0===

=== character 列フォールバック警告 (2件) ===
  [info] nishimatsu panel_06: dialogue に未知タグ ['ob先輩'] が含まれます (character='nana' に決定、dialogue 本文は保持)
  [info] nishimatsu panel_07: dialogue に未知タグ ['採用担当'] が含まれます (character='nana' に決定、dialogue 本文は保持)
============================================================


===ns-solutions rc=0===

=== character 列フォールバック警告 (1件) ===
  [info] ns-solutions panel_07: dialogue に未知タグ ['ob先輩'] が含まれます (character='nana' に決定、dialogue 本文は保持)
============================================================


===ntt-data rc=0===

=== character 列フォールバック警告 (2件) ===
  [info] ntt-data panel_06: dialogue に未知タグ ['ob先輩'] が含まれます (character='nana' に決定、dialogue 本文は保持)
  [info] ntt-data panel_07: dialogue に未知タグ ['ob先輩'] が含まれます (character='nana' に決定、dialogue 本文は保持)
============================================================


===ntt-docomo rc=0===

=== character 列フォールバック警告 (2件) ===
  [info] ntt-docomo panel_06: dialogue に未知タグ ['ob先輩'] が含まれます (character='nana' に決定、dialogue 本文は保持)
  [info] ntt-docomo panel_07: dialogue に未知タグ ['ob先輩'] が含まれます (character='nana' に決定、dialogue 本文は保持)
============================================================


===obayashi rc=0===

=== character 列フォールバック警告 (2件) ===
  [info] obayashi panel_06: dialogue に未知タグ ['ob先輩'] が含まれます (character='haruki' に決定、dialogue 本文は保持)
  [info] obayashi panel_07: dialogue に未知タグ ['ob先輩'] が含まれます (character='nana' に決定、dialogue 本文は保持)
============================================================


===open-house-group rc=0===

=== character 列フォールバック警告 (2件) ===
  [info] open-house-group panel_06: dialogue に未知タグ ['ob先輩'] が含まれます (character='nana' に決定、dialogue 本文は保持)
  [info] open-house-group panel_07: dialogue に未知タグ ['ob先輩'] が含まれます (character='nana' に決定、dialogue 本文は保持)
============================================================


===otsuka-shokai rc=0===

=== character 列フォールバック警告 (2件) ===
  [info] otsuka-shokai panel_06: dialogue に未知タグ ['ob社員'] が含まれます (character='nana' に決定、dialogue 本文は保持)
  [info] otsuka-shokai panel_07: dialogue に未知タグ ['ob社員'] が含まれます (character='nana' に決定、dialogue 本文は保持)
============================================================


===penta-ocean rc=0===

=== character 列フォールバック警告 (2件) ===
  [info] penta-ocean panel_06: dialogue に未知タグ ['ob先輩'] が含まれます (character='nana' に決定、dialogue 本文は保持)
  [info] penta-ocean panel_07: dialogue に未知タグ ['ob先輩'] が含まれます (character='nana' に決定、dialogue 本文は保持)
============================================================


===pksha rc=0===


===plaid rc=0===

=== character 列フォールバック警告 (1件) ===
  [info] plaid panel_07: dialogue に未知タグ ['採用担当者'] が含まれます (character='nana' に決定、dialogue 本文は保持)
============================================================


===pref-networks rc=0===


===rakus rc=0===

=== character 列フォールバック警告 (2件) ===
  [info] rakus panel_06: dialogue に未知タグ ['ob先輩'] が含まれます (character='nana' に決定、dialogue 本文は保持)
  [info] rakus panel_07: dialogue に未知タグ ['ob先輩'] が含まれます (character='nana' に決定、dialogue 本文は保持)
============================================================


===rakuten-group rc=0===

=== character 列フォールバック警告 (2件) ===
  [info] rakuten-group panel_06: dialogue に未知タグ ['ob先輩'] が含まれます (character='haruki' に決定、dialogue 本文は保持)
  [info] rakuten-group panel_07: dialogue に未知タグ ['ob先輩'] が含まれます (character='nana' に決定、dialogue 本文は保持)
============================================================


===recruit-hd rc=0===

=== character 列フォールバック警告 (2件) ===
  [info] recruit-hd panel_06: dialogue に未知タグ ['ob先輩'] が含まれます (character='nana' に決定、dialogue 本文は保持)
  [info] recruit-hd panel_07: dialogue に未知タグ ['ob先輩'] が含まれます (character='nana' に決定、dialogue 本文は保持)
============================================================


===sakana-ai rc=0===


===sansan rc=0===

=== character 列フォールバック警告 (1件) ===
  [info] sansan panel_06: dialogue に未知タグ ['ob社員'] が含まれます (character='nana' に決定、dialogue 本文は保持)
============================================================


===scsk rc=0===

=== character 列フォールバック警告 (2件) ===
  [info] scsk panel_06: dialogue に未知タグ ['ob社員'] が含まれます (character='nana' に決定、dialogue 本文は保持)
  [info] scsk panel_07: dialogue に未知タグ ['ob社員'] が含まれます (character='nana' に決定、dialogue 本文は保持)
============================================================


===sekisui-house rc=0===

=== character 列フォールバック警告 (2件) ===
  [info] sekisui-house panel_06: dialogue に未知タグ ['ob社員'] が含まれます (character='nana' に決定、dialogue 本文は保持)
  [info] sekisui-house panel_07: dialogue に未知タグ ['ob社員'] が含まれます (character='nana' に決定、dialogue 本文は保持)
============================================================


===shift rc=0===

=== character 列フォールバック警告 (2件) ===
  [info] shift panel_06: dialogue に未知タグ ['先輩社員'] が含まれます (character='nana' に決定、dialogue 本文は保持)
  [info] shift panel_07: dialogue に未知タグ ['先輩社員'] が含まれます (character='nana' に決定、dialogue 本文は保持)
============================================================


===shimizu rc=0===

=== character 列フォールバック警告 (2件) ===
  [info] shimizu panel_06: dialogue に未知タグ ['ob先輩'] が含まれます (character='nana' に決定、dialogue 本文は保持)
  [info] shimizu panel_07: dialogue に未知タグ ['ob先輩'] が含まれます (character='nana' に決定、dialogue 本文は保持)
============================================================


===sky rc=0===


===smarthr rc=0===

=== character 列フォールバック警告 (2件) ===
  [info] smarthr panel_06: dialogue に未知タグ ['人事'] が含まれます (character='nana' に決定、dialogue 本文は保持)
  [info] smarthr panel_07: dialogue に未知タグ ['人事'] が含まれます (character='nana' に決定、dialogue 本文は保持)
============================================================


===softbank rc=0===

=== character 列フォールバック警告 (2件) ===
  [info] softbank panel_06: dialogue に未知タグ ['ob先輩'] が含まれます (character='nana' に決定、dialogue 本文は保持)
  [info] softbank panel_07: dialogue に未知タグ ['ob先輩'] が含まれます (character='nana' に決定、dialogue 本文は保持)
============================================================


===sugi-hd rc=0===

=== character 列フォールバック警告 (2件) ===
  [info] sugi-hd panel_06: dialogue に未知タグ ['店舗先輩'] が含まれます (character='nana' に決定、dialogue 本文は保持)
  [info] sugi-hd panel_07: dialogue に未知タグ ['人事'] が含まれます (character='nana' に決定、dialogue 本文は保持)
============================================================


===sumitomo-forestry rc=0===

=== character 列フォールバック警告 (2件) ===
  [info] sumitomo-forestry panel_06: dialogue に未知タグ ['ob先輩'] が含まれます (character='nana' に決定、dialogue 本文は保持)
  [info] sumitomo-forestry panel_07: dialogue に未知タグ ['人事担当者'] が含まれます (character='nana' に決定、dialogue 本文は保持)
============================================================


===sundrug rc=0===

=== character 列フォールバック警告 (2件) ===
  [info] sundrug panel_06: dialogue に未知タグ ['ob先輩'] が含まれます (character='haruki' に決定、dialogue 本文は保持)
  [info] sundrug panel_07: dialogue に未知タグ ['ob先輩'] が含まれます (character='nana' に決定、dialogue 本文は保持)
============================================================


===taiki-sha rc=0===

=== character 列フォールバック警告 (2件) ===
  [info] taiki-sha panel_06: dialogue に未知タグ ['ob先輩'] が含まれます (character='haruki' に決定、dialogue 本文は保持)
  [info] taiki-sha panel_07: dialogue に未知タグ ['ob先輩'] が含まれます (character='nana' に決定、dialogue 本文は保持)
============================================================


===taisei rc=0===

=== character 列フォールバック警告 (2件) ===
  [info] taisei panel_06: dialogue に未知タグ ['ob先輩'] が含まれます (character='nana' に決定、dialogue 本文は保持)
  [info] taisei panel_07: dialogue に未知タグ ['ob先輩'] が含まれます (character='nana' に決定、dialogue 本文は保持)
============================================================


===takasago-thermal rc=0===

=== character 列フォールバック警告 (2件) ===
  [info] takasago-thermal panel_06: dialogue に未知タグ ['ob先輩'] が含まれます (character='nana' に決定、dialogue 本文は保持)
  [info] takasago-thermal panel_07: dialogue に未知タグ ['ob先輩'] が含まれます (character='nana' に決定、dialogue 本文は保持)
============================================================


===takenaka rc=0===

=== character 列フォールバック警告 (2件) ===
  [info] takenaka panel_06: dialogue に未知タグ ['ob先輩'] が含まれます (character='nana' に決定、dialogue 本文は保持)
  [info] takenaka panel_07: dialogue に未知タグ ['ob先輩'] が含まれます (character='nana' に決定、dialogue 本文は保持)
============================================================


===toda rc=0===

=== character 列フォールバック警告 (2件) ===
  [info] toda panel_06: dialogue に未知タグ ['ob先輩'] が含まれます (character='nana' に決定、dialogue 本文は保持)
  [info] toda panel_07: dialogue に未知タグ ['ob先輩'] が含まれます (character='nana' に決定、dialogue 本文は保持)
============================================================


===turing rc=0===

=== character 列フォールバック警告 (1件) ===
  [info] turing panel_07: dialogue に未知タグ ['obエンジニア'] が含まれます (character='nana' に決定、dialogue 本文は保持)
============================================================


===uzabase rc=0===


===visional rc=0===

=== character 列フォールバック警告 (2件) ===
  [info] visional panel_06: dialogue に未知タグ ['ob社員'] が含まれます (character='nana' に決定、dialogue 本文は保持)
  [info] visional panel_07: dialogue に未知タグ ['ob社員'] が含まれます (character='nana' に決定、dialogue 本文は保持)
============================================================


===yodobashi rc=0===

=== character 列フォールバック警告 (1件) ===
  [info] yodobashi panel_07: dialogue に未知タグ ['ob先輩'] が含まれます (character='nana' に決定、dialogue 本文は保持)
============================================================


===zozo rc=0===

=== character 列フォールバック警告 (2件) ===
  [info] zozo panel_06: dialogue に未知タグ ['先輩社員'] が含まれます (character='haruki' に決定、dialogue 本文は保持)
  [info] zozo panel_07: dialogue に未知タグ ['先輩社員'] が含まれます (character='nana' に決定、dialogue 本文は保持)
============================================================

