17:04:50 === fanout開始 対象145 / 未生成145 / 並列3 ===
17:09:19 [1/145] astroscale-hd      ok10/10 隔離[] $0.72 268.9s
17:09:20 [2/145] aeon               ok9/10 隔離[2] $0.72 269.7s
17:09:39 [3/145] appier             ok10/10 隔離[] $0.72 288.7s
17:14:16 [4/145] bandai-namco       ok10/10 隔離[] $0.72 297.1s
17:14:17 [5/145] benesse-hd         ok10/10 隔離[] $0.72 297.8s
17:15:27 [6/145] biccamera          ok10/10 隔離[] $0.79 348.1s
17:18:40 [7/145] bitflyer           ok10/10 隔離[] $0.72 262.7s
17:18:54 [8/145] biprogy            ok10/10 隔離[] $0.72 278.4s
17:20:08 [9/145] brainpad           ok10/10 隔離[] $0.72 281.1s
17:23:32 [10/145] capcom             ok10/10 隔離[] $0.72 277.4s
17:23:34 [11/145] cainz              ok10/10 隔離[] $0.79 293.5s
17:24:39 [12/145] chubu-electric     ok10/10 隔離[] $0.72 271.1s
17:27:59 [13/145] chugoku-electric   ok10/10 隔離[] $0.72 267.3s
17:28:01 [14/145] cosmo-energy       ok10/10 隔離[] $0.72 267.1s
17:28:32 [15/145] cosmos-pharma      ok9/10 隔離[1] $0.72 233.4s
17:32:27 [16/145] cyberagent         ok10/10 隔離[] $0.72 266.6s
17:32:37 [17/145] daito-kentaku      ok9/10 隔離[1] $0.72 244.7s
17:32:44 [18/145] ctc                ok10/10 隔離[] $0.72 284.7s
17:36:22 [19/145] dcm-hd             ok9/10 隔離[1] $0.72 225.3s
17:36:52 [20/145] daiwa-house        ok10/10 隔離[] $0.72 265.1s
17:37:28   --- 中間commit 20社 ---
17:37:52 [21/145] dena               ok10/10 隔離[] $0.72 307.7s
17:41:16 [22/145] eneos              ok10/10 隔離[] $0.72 263.7s
17:42:11 [23/145] erex               ok10/10 隔離[] $0.72 259.3s
17:42:43 [24/145] elyza              ok10/10 隔離[] $0.87 380.8s
17:45:58 [25/145] euglena            ok10/10 隔離[] $0.72 282.1s
17:47:04 [26/145] freee              ok10/10 隔離[] $0.72 260.9s
17:48:15 [27/145] ey                 ok10/10 隔離[] $0.87 364.2s
17:50:55 [28/145] fronteo            ok10/10 隔離[] $0.79 296.6s
17:51:24 [29/145] gakken-hd          ok10/10 隔離[] $0.72 259.9s
17:53:41 [30/145] gmo                ok10/10 隔離[] $0.79 325.5s
17:55:36 [31/145] gree               ok10/10 隔離[] $0.72 281.5s
17:55:45 [32/145] haseko             ok10/10 隔離[] $0.72 260.7s
17:58:54 [33/145] hokkaido-electric  ok10/10 隔離[] $0.79 313.0s
17:59:50 [34/145] hokkaido-gas       ok10/10 隔離[] $0.72 253.2s
18:00:51 [35/145] hokuriku-electric  ok10/10 隔離[] $0.79 306.6s
18:04:05 [36/145] ibm-japan          ok10/10 隔離[] $0.79 311.9s
18:04:43 [37/145] idemitsu           ok10/10 隔離[] $0.72 293.9s
18:05:23 [38/145] iida-group-hd      ok10/10 隔離[] $0.72 271.5s
18:09:25 [39/145] infroneer-hd       ok10/10 隔離[] $0.72 319.1s
18:09:47 [40/145] inpex              ok10/10 隔離[] $0.72 303.7s
18:10:23   --- 中間commit 40社 ---
18:10:23 [41/145] ispace             ok10/10 隔離[] $0.72 271.6s
18:14:17 [42/145] j-power            ok10/10 隔離[] $0.72 292.7s
18:14:46 [43/145] japex              ok10/10 隔離[] $0.72 298.6s
18:15:23 [44/145] jasm               ok10/10 隔離[] $0.79 329.0s
18:19:31 [45/145] jgc-hd             ok10/10 隔離[] $0.72 285.4s
18:19:45 [46/145] jera               ok10/10 隔離[] $0.79 327.6s
18:20:22 [47/145] jmdc               ok10/10 隔離[] $0.72 298.4s
18:24:03 [48/145] kajima             ok10/10 隔離[] $0.72 272.3s
18:24:18 [49/145] kandenko           ok10/10 隔離[] $0.72 273.6s
18:24:32 [50/145] kao                ok10/10 隔離[] $0.72 250.4s
18:28:52 [51/145] kinden             ok10/10 隔離[] $0.72 273.7s
18:29:59 [52/145] kaonavi            ok10/10 隔離[] $0.87 355.8s
18:30:48 [53/145] kobayashi-pharma   ok9/10 隔離[3] $0.94 375.6s
18:33:44 [54/145] komeri             ok10/10 隔離[] $0.72 291.4s
18:34:30 [55/145] konami             ok10/10 隔離[] $0.72 271.3s
18:35:15 [56/145] kose               ok10/10 隔離[] $0.72 267.0s
18:38:10 [57/145] kubell             ok10/10 隔離[] $0.72 266.5s
18:39:12 [58/145] kumagai-gumi       ok10/10 隔離[] $0.72 281.7s
18:40:13 [59/145] kurita             ok10/10 隔離[] $0.72 298.5s
18:43:15 [60/145] kyushu-electric    ok10/10 隔離[] $0.72 304.5s
