=== Phase3 全社展開(並列3): 対象364社 / 14アーキタイプ (三井除外・resumable) ===

--- 業界: スタートアップ (2社) 並列3 ---
  ✅ amazon-japan       6人 スタートアップ (272s) [1登録/1済/364]
  ✅ socionext          6人 スタートアップ (276s) [2登録/2済/364]
  [業界 スタートアップ 完了] 累計 登録2/隔離0 経過8分 並列3

--- 業界: 専門商社 (20社) 並列3 ---
  ✅ alfresa            6人 専門商社 (244s) [3登録/3済/364]
  ✅ daiichi-jitsugyo   6人 専門商社 (258s) [4登録/4済/364]
  ✅ chori              6人 専門商社 (283s) [5登録/5済/364]
  ✅ hanwa              6人 専門商社 (261s) [6登録/6済/364]
  ✅ inaba-denki        6人 専門商社 (274s) [7登録/7済/364]
  ✅ inabata            6人 専門商社 (253s) [8登録/8済/364]
  ✅ itochu-shokuhin    6人 専門商社 (270s) [9登録/9済/364]
  ✅ kaga-electronics   6人 専門商社 (256s) [10登録/10済/364]
  ✅ jfe-shoji          6人 専門商社 (293s) [11登録/11済/364]
  ✅ kato-sangyo        6人 専門商社 (259s) [12登録/12済/364]
  ✅ kokubu             6人 専門商社 (268s) [13登録/13済/364]
  ✅ lester-hd          6人 専門商社 (269s) [14登録/14済/364]
  ✅ medipal            6人 専門商社 (272s) [15登録/15済/364]
  ✅ macnica-hd         6人 専門商社 (326s) [16登録/16済/364]
  ✅ metal-one          6人 専門商社 (293s) [17登録/17済/364]
  ✅ mitsubishi-shokuhin 6人 専門商社 (287s) [18登録/18済/364]
  ✅ nagase             6人 専門商社 (279s) [19登録/19済/364]
  ✅ seika-sangyo       6人 専門商社 (267s) [20登録/20済/364]
  ✅ suzuken            6人 専門商社 (269s) [21登録/21済/364]
  ✅ toho-hd            6人 専門商社 (294s) [22登録/22済/364]
  [業界 専門商社 完了] 累計 登録22/隔離0 経過45分 並列3

--- 業界: 小売・流通 (29社) 並列3 ---
  ✅ biccamera          6人 小売・流通 (270s) [23登録/23済/364]
  ✅ adastria           6人 小売・流通 (272s) [24登録/24済/364]
  ✅ aeon               6人 小売・流通 (272s) [25登録/25済/364]
  ⚠ 隔離 cosmos-pharma      lint error 1→登録ブロック
  ✅ cainz              6人 小売・流通 (268s) [26登録/27済/364]
  ✅ dcm-hd             6人 小売・流通 (274s) [27登録/28済/364]
  ✅ familymart         6人 小売・流通 (265s) [28登録/29済/364]
  ✅ h2o-retailing      6人 小売・流通 (262s) [29登録/30済/364]
  ✅ isetan-mitsukoshi  6人 小売・流通 (309s) [30登録/31済/364]
  ✅ j-front            6人 小売・流通 (285s) [31登録/32済/364]
  ✅ komeri             6人 小売・流通 (295s) [32登録/33済/364]
  ✅ lawson             6人 小売・流通 (299s) [33登録/34済/364]
  ⚠ 隔離 matsukiyococokara  lint error 1→登録ブロック
  ✅ life-corp          6人 小売・流通 (287s) [34登録/36済/364]
  ✅ nitori-hd          6人 小売・流通 (265s) [35登録/37済/364]
  ✅ ppih               6人 小売・流通 (283s) [36登録/38済/364]
  ⚠ 隔離 ryohin-keikaku     lint error 1→登録ブロック
  ✅ seven-and-i        6人 小売・流通 (275s) [37登録/40済/364]
  ✅ shimamura          6人 小売・流通 (286s) [38登録/41済/364]
  ✅ sugi-hd            6人 小売・流通 (280s) [39登録/42済/364]
  ✅ sundrug            6人 小売・流通 (277s) [40登録/43済/364]
  ✅ tsuruha-hd         6人 小売・流通 (260s) [41登録/44済/364]
  ✅ takashimaya        6人 小売・流通 (286s) [42登録/45済/364]
  ✅ welcia-hd          6人 小売・流通 (252s) [43登録/46済/364]
  ✅ workman            6人 小売・流通 (270s) [44登録/47済/364]
  ✅ yamada-hd          6人 小売・流通 (271s) [45登録/48済/364]
  ✅ yaoko              6人 小売・流通 (274s) [46登録/49済/364]
  ✅ yodobashi          6人 小売・流通 (291s) [47登録/50済/364]
  ✅ zozo               6人 小売・流通 (299s) [48登録/51済/364]
  [業界 小売・流通 完了] 累計 登録48/隔離3 経過95分 並列3

--- 業界: 広告・メディア (29社) 並列3 ---
  ⚠ 隔離 asahi-shimbun      lint error 1→登録ブロック
  ✅ amuse              6人 広告・メディア (280s) [49登録/53済/364]
  ✅ adk-hd             6人 広告・メディア (282s) [50登録/54済/364]
  ✅ avex               6人 広告・メディア (250s) [51登録/55済/364]
  ✅ fuji-media-hd      6人 広告・メディア (270s) [52登録/56済/364]
  ✅ bungeishunju       6人 広告・メディア (281s) [53登録/57済/364]
  ✅ hakuhodo-dy        6人 広告・メディア (284s) [54登録/58済/364]
  ✅ kadokawa           6人 広告・メディア (303s) [55登録/59済/364]
  ✅ kodansha           6人 広告・メディア (300s) [56登録/60済/364]
  ⚠ 隔離 nikkei             lint error 1→登録ブロック
  ✅ oriental-land      6人 広告・メディア (259s) [57登録/62済/364]
  ✅ ntv-hd             6人 広告・メディア (375s) [58登録/63済/364]
  ✅ pia                6人 広告・メディア (273s) [59登録/64済/364]
  ✅ round-one          6人 広告・メディア (255s) [60登録/65済/364]
  ✅ sanrio             6人 広告・メディア (295s) [61登録/66済/364]
  ✅ shochiku           6人 広告・メディア (271s) [62登録/67済/364]
  ✅ septeni-hd         6人 広告・メディア (287s) [63登録/68済/364]
  ✅ shogakukan         6人 広告・メディア (287s) [64登録/69済/364]
  ⚠ 隔離 shueisha           lint error 1→登録ブロック
  ✅ skyperfectjsat-hd  6人 広告・メディア (290s) [65登録/71済/364]
  ✅ tbs-hd             6人 広告・メディア (269s) [66登録/72済/364]
  ✅ toho               6人 広告・メディア (258s) [67登録/73済/364]
  ✅ tv-asahi-hd        6人 広告・メディア (245s) [68登録/74済/364]
  ✅ toei               6人 広告・メディア (500s) [69登録/75済/364]
  ✅ tv-tokyo-hd        6人 広告・メディア (285s) [70登録/76済/364]
  ⚠ 隔離 usj                lint error 1→登録ブロック
  ✅ wowow              6人 広告・メディア (262s) [71登録/78済/364]
  ✅ yomiuri-group      6人 広告・メディア (283s) [72登録/79済/364]
  ✅ yoshimoto-hd       6人 広告・メディア (295s) [73登録/80済/364]
  [業界 広告・メディア 完了] 累計 登録73/隔離7 経過148分 並列3

--- 業界: IT・AI・SaaS・ゲーム (50社) 並列3 ---
  ✅ abeja              7人 IT・AI・SaaS・ゲーム (303s) [74登録/81済/364]
  ✅ appier             7人 IT・AI・SaaS・ゲーム (307s) [75登録/82済/364]
  ✅ bandai-namco       7人 IT・AI・SaaS・ゲーム (314s) [76登録/83済/364]
  ✅ capcom             7人 IT・AI・SaaS・ゲーム (274s) [77登録/84済/364]
  ✅ brainpad           7人 IT・AI・SaaS・ゲーム (290s) [78登録/85済/364]
  ✅ biprogy            7人 IT・AI・SaaS・ゲーム (331s) [79登録/86済/364]
  ✅ cyberagent         7人 IT・AI・SaaS・ゲーム (290s) [80登録/87済/364]
  ✅ dena               7人 IT・AI・SaaS・ゲーム (301s) [81登録/88済/364]
  ✅ ctc                7人 IT・AI・SaaS・ゲーム (368s) [82登録/89済/364]
  ✅ elyza              7人 IT・AI・SaaS・ゲーム (332s) [83登録/90済/364]
  ✅ fronteo            7人 IT・AI・SaaS・ゲーム (280s) [84登録/91済/364]
  ✅ freee              7人 IT・AI・SaaS・ゲーム (322s) [85登録/92済/364]
  ⚠ 隔離 fujitsu            lint error 1→登録ブロック
  ✅ gree               7人 IT・AI・SaaS・ゲーム (307s) [86登録/94済/364]
  ✅ gmo                7人 IT・AI・SaaS・ゲーム (338s) [87登録/95済/364]
  ✅ kaonavi            7人 IT・AI・SaaS・ゲーム (316s) [88登録/96済/364]
  ✅ kddi               7人 IT・AI・SaaS・ゲーム (331s) [89登録/97済/364]
  ✅ konami             7人 IT・AI・SaaS・ゲーム (328s) [90登録/98済/364]
  ✅ kubell             7人 IT・AI・SaaS・ゲーム (310s) [91登録/99済/364]
  ✅ line-yahoo         7人 IT・AI・SaaS・ゲーム (320s) [92登録/100済/364]
  ✅ layerx             7人 IT・AI・SaaS・ゲーム (328s) [93登録/101済/364]
  ✅ mercari            7人 IT・AI・SaaS・ゲーム (305s) [94登録/102済/364]
  ✅ moneyforward       7人 IT・AI・SaaS・ゲーム (289s) [95登録/103済/364]
  ✅ mixi               7人 IT・AI・SaaS・ゲーム (337s) [96登録/104済/364]
  ✅ nec                7人 IT・AI・SaaS・ゲーム (313s) [97登録/105済/364]
  ✅ nintendo           7人 IT・AI・SaaS・ゲーム (312s) [98登録/106済/364]
  ✅ ns-solutions       7人 IT・AI・SaaS・ゲーム (278s) [99登録/107済/364]
  ✅ ntt                7人 IT・AI・SaaS・ゲーム (327s) [100登録/108済/364]
  ✅ ntt-data           7人 IT・AI・SaaS・ゲーム (293s) [101登録/109済/364]
  ✅ ntt-docomo         7人 IT・AI・SaaS・ゲーム (307s) [102登録/110済/364]
  ✅ otsuka-shokai      7人 IT・AI・SaaS・ゲーム (318s) [103登録/111済/364]
  ✅ pksha              7人 IT・AI・SaaS・ゲーム (320s) [104登録/112済/364]
  ✅ plaid              7人 IT・AI・SaaS・ゲーム (331s) [105登録/113済/364]
  ✅ pref-networks      7人 IT・AI・SaaS・ゲーム (306s) [106登録/114済/364]
  ✅ rakus              7人 IT・AI・SaaS・ゲーム (317s) [107登録/115済/364]
  ✅ rakuten-group      7人 IT・AI・SaaS・ゲーム (315s) [108登録/116済/364]
  ✅ recruit-hd         7人 IT・AI・SaaS・ゲーム (318s) [109登録/117済/364]
  ✅ sakana-ai          7人 IT・AI・SaaS・ゲーム (294s) [110登録/118済/364]
  ✅ sansan             7人 IT・AI・SaaS・ゲーム (308s) [111登録/119済/364]
  ✅ scsk               7人 IT・AI・SaaS・ゲーム (322s) [112登録/120済/364]
  ✅ sega-sammy         7人 IT・AI・SaaS・ゲーム (332s) [113登録/121済/364]
  ✅ shift              7人 IT・AI・SaaS・ゲーム (313s) [114登録/122済/364]
  ✅ sky                7人 IT・AI・SaaS・ゲーム (333s) [115登録/123済/364]
  ✅ softbank           7人 IT・AI・SaaS・ゲーム (277s) [116登録/124済/364]
  ✅ smarthr            7人 IT・AI・SaaS・ゲーム (331s) [117登録/125済/364]
  ✅ turing             7人 IT・AI・SaaS・ゲーム (276s) [118登録/126済/364]
  ✅ tis                7人 IT・AI・SaaS・ゲーム (334s) [119登録/127済/364]
  ✅ square-enix        7人 IT・AI・SaaS・ゲーム (345s) [120登録/128済/364]
  ✅ uzabase            7人 IT・AI・SaaS・ゲーム (339s) [121登録/129済/364]
  ✅ visional           7人 IT・AI・SaaS・ゲーム (311s) [122登録/130済/364]
  [業界 IT・AI・SaaS・ゲーム 完了] 累計 登録122/隔離8 経過241分 並列3

--- 業界: インフラ・エネルギー (29社) 並列3 ---
  ✅ chubu-electric     6人 インフラ・エネルギー (281s) [123登録/131済/364]
  ✅ chugoku-electric   6人 インフラ・エネルギー (290s) [124登録/132済/364]
  ✅ chiyoda            6人 インフラ・エネルギー (326s) [125登録/133済/364]
  ✅ cosmo-energy       6人 インフラ・エネルギー (248s) [126登録/134済/364]
  ✅ eneos              6人 インフラ・エネルギー (259s) [127登録/135済/364]
  ✅ erex               6人 インフラ・エネルギー (258s) [128登録/136済/364]
  ✅ hokkaido-electric  6人 インフラ・エネルギー (259s) [129登録/137済/364]
  ✅ hokkaido-gas       6人 インフラ・エネルギー (271s) [130登録/138済/364]
  ✅ hokuriku-electric  6人 インフラ・エネルギー (252s) [131登録/139済/364]
  ✅ idemitsu           7人 インフラ・エネルギー (301s) [132登録/140済/364]
  ✅ inpex              6人 インフラ・エネルギー (271s) [133登録/141済/364]
  ✅ j-power            6人 インフラ・エネルギー (290s) [134登録/142済/364]
  ✅ japex              6人 インフラ・エネルギー (272s) [135登録/143済/364]
  ✅ jera               6人 インフラ・エネルギー (287s) [136登録/144済/364]
  ✅ jgc-hd             6人 インフラ・エネルギー (277s) [137登録/145済/364]
  ✅ kepco              6人 インフラ・エネルギー (263s) [138登録/146済/364]
  ✅ kurita             6人 インフラ・エネルギー (262s) [139登録/147済/364]
  ✅ kyushu-electric    6人 インフラ・エネルギー (268s) [140登録/148済/364]
  ✅ okinawa-electric   6人 インフラ・エネルギー (276s) [141登録/149済/364]
  ✅ osaka-gas          6人 インフラ・エネルギー (276s) [142登録/150済/364]
  ✅ metawater          6人 インフラ・エネルギー (385s) [143登録/151済/364]
  ✅ renova             6人 インフラ・エネルギー (288s) [144登録/152済/364]
  ✅ saibu-gas          6人 インフラ・エネルギー (288s) [145登録/153済/364]
  ✅ shikoku-electric   7人 インフラ・エネルギー (310s) [146登録/154済/364]
  ✅ shizuoka-gas       6人 インフラ・エネルギー (285s) [147登録/155済/364]
  ✅ tepco              6人 インフラ・エネルギー (280s) [148登録/156済/364]
  ✅ toho-gas           6人 インフラ・エネルギー (253s) [149登録/157済/364]
  ✅ tohoku-electric    6人 インフラ・エネルギー (274s) [150登録/158済/364]
  ✅ west-hd            6人 インフラ・エネルギー (284s) [151登録/159済/364]
  [業界 インフラ・エネルギー 完了] 累計 登録151/隔離8 経過291分 並列3

--- 業界: コンサル (19社) 並列3 ---
  ✅ bain               7人 コンサル (315s) [152登録/160済/364]
  ✅ adl                7人 コンサル (318s) [153登録/161済/364]
  ✅ abeam              7人 コンサル (328s) [154登録/162済/364]
  ✅ bcg                7人 コンサル (312s) [155登録/163済/364]
  ✅ baycurrent         7人 コンサル (328s) [156登録/164済/364]
  ✅ cdi                7人 コンサル (331s) [157登録/165済/364]
  ✅ dream-incubator    7人 コンサル (305s) [158登録/166済/364]
  ✅ ey                 7人 コンサル (300s) [159登録/167済/364]
  ✅ deloitte           7人 コンサル (347s) [160登録/168済/364]
  ✅ ibm-consulting     7人 コンサル (318s) [161登録/169済/364]
  ⚠ 隔離 jri                lint error 1→登録ブロック
  ✅ kpmg               7人 コンサル (292s) [162登録/171済/364]
  ✅ mckinsey           7人 コンサル (312s) [163登録/172済/364]
  ✅ mri                7人 コンサル (313s) [164登録/173済/364]
  ✅ murc               7人 コンサル (328s) [165登録/174済/364]
  ✅ nri                7人 コンサル (320s) [166登録/175済/364]
  ✅ pwc                7人 コンサル (328s) [167登録/176済/364]
  ✅ roland-berger      7人 コンサル (329s) [168登録/177済/364]
  ✅ strategy-and       7人 コンサル (324s) [169登録/178済/364]
  [業界 コンサル 完了] 累計 登録169/隔離9 経過332分 並列3

--- 業界: 医療・ヘルスケア (7社) 並列3 ---
  ✅ chugai             7人 医療・ヘルスケア (298s) [170登録/179済/364]
  ✅ astellas           7人 医療・ヘルスケア (312s) [171登録/180済/364]
  ✅ daiichi-sankyo     7人 医療・ヘルスケア (317s) [172登録/181済/364]
  ✅ eisai              7人 医療・ヘルスケア (309s) [173登録/182済/364]
  ✅ otsuka-hd          7人 医療・ヘルスケア (301s) [174登録/183済/364]
  ✅ shionogi           7人 医療・ヘルスケア (314s) [175登録/184済/364]
  ⚠ 隔離 takeda             lint error 1→登録ブロック
  [業界 医療・ヘルスケア 完了] 累計 登録175/隔離10 経過351分 並列3

--- 業界: 総合商社 (8社) 並列3 ---
  ✅ iwatani            7人 総合商社 (278s) [176登録/186済/364]
  ✅ kanematsu          7人 総合商社 (289s) [177登録/187済/364]
  ✅ itochu             7人 総合商社 (312s) [178登録/188済/364]
  ✅ marubeni           7人 総合商社 (297s) [179登録/189済/364]
  ✅ shinkokusyoji      7人 総合商社 (276s) [180登録/190済/364]
  ✅ mitsubishi-corp    7人 総合商社 (336s) [181登録/191済/364]
  ✅ sojitz             7人 総合商社 (259s) [182登録/192済/364]
  ✅ toyota-tsusho      7人 総合商社 (278s) [183登録/193済/364]
  [業界 総合商社 完了] 累計 登録183/隔離10 経過369分 並列3

--- 業界: 航空・運輸・物流 (20社) 並列3 ---
  ✅ hankyu-hanshin-hd  7人 航空・運輸・物流 (299s) [184登録/194済/364]
  ✅ ana-hd             7人 航空・運輸・物流 (321s) [185登録/195済/364]
  ✅ jal                7人 航空・運輸・物流 (345s) [186登録/196済/364]
  ✅ jr-central         7人 航空・運輸・物流 (304s) [187登録/197済/364]
  ⚠ 隔離 jr-east            D1失敗:⚠️  Warning: Unsupported macOS vers
  ✅ jr-west            7人 航空・運輸・物流 (30647s) [188登録/199済/364]
  ✅ k-line             7人 航空・運輸・物流 (30630s) [189登録/200済/364]
  ✅ keikyu             7人 航空・運輸・物流 (30486s) [190登録/201済/364]
  ✅ kintetsu-group-hd  7人 航空・運輸・物流 (323s) [191登録/202済/364]
  ✅ meitetsu           7人 航空・運輸・物流 (303s) [192登録/203済/364]
  ✅ mol                7人 航空・運輸・物流 (327s) [193登録/204済/364]
  ✅ nippon-express-hd  7人 航空・運輸・物流 (298s) [194登録/205済/364]
  ✅ nyk                7人 航空・運輸・物流 (303s) [195登録/206済/364]
  ⚠ 隔離 odakyu             lint error 1→登録ブロック
  ✅ seibu-hd           7人 航空・運輸・物流 (303s) [196登録/208済/364]
  ✅ seino-hd           7人 航空・運輸・物流 (301s) [197登録/209済/364]
  ✅ sg-hd              7人 航空・運輸・物流 (320s) [198登録/210済/364]
  ✅ tobu               7人 航空・運輸・物流 (314s) [199登録/211済/364]
  ✅ tokyu              7人 航空・運輸・物流 (312s) [200登録/212済/364]
  ✅ yamato-hd          7人 航空・運輸・物流 (324s) [201登録/213済/364]
  [業界 航空・運輸・物流 完了] 累計 登録201/隔離12 経過914分 並列3

--- 業界: 食品・飲料 (23社) 並列3 ---
  ✅ ajinomoto          7人 食品・飲料 (306s) [202登録/214済/364]
  ✅ asahi-group        7人 食品・飲料 (319s) [203登録/215済/364]
  ✅ calbee             7人 食品・飲料 (328s) [204登録/216済/364]
  ✅ ezaki-glico        7人 食品・飲料 (318s) [205登録/217済/364]
  ✅ fuji-oil-hd        7人 食品・飲料 (310s) [206登録/218済/364]
  ✅ house-foods        7人 食品・飲料 (346s) [207登録/219済/364]
  ✅ itoen              7人 食品・飲料 (325s) [208登録/220済/364]
  ✅ kagome             7人 食品・飲料 (321s) [209登録/221済/364]
  ✅ kewpie             7人 食品・飲料 (326s) [210登録/222済/364]
  ✅ kikkoman           7人 食品・飲料 (319s) [211登録/223済/364]
  ✅ kirin-hd           7人 食品・飲料 (317s) [212登録/224済/364]
  ✅ lotte              7人 食品・飲料 (296s) [213登録/225済/364]
  ✅ meiji-hd           7人 食品・飲料 (307s) [214登録/226済/364]
  ✅ morinaga-milk      7人 食品・飲料 (313s) [215登録/227済/364]
  ✅ morinaga-seika     7人 食品・飲料 (295s) [216登録/228済/364]
  ✅ nipponham          7人 食品・飲料 (290s) [217登録/229済/364]
  ✅ nichirei           7人 食品・飲料 (307s) [218登録/230済/364]
  ✅ nissin-hd          7人 食品・飲料 (304s) [219登録/231済/364]
  ✅ sapporo-hd         7人 食品・飲料 (306s) [220登録/232済/364]
  ✅ suntory            7人 食品・飲料 (303s) [221登録/233済/364]
  ✅ yakult             7人 食品・飲料 (334s) [222登録/234済/364]
  ✅ yukijirushi-megmilk 7人 食品・飲料 (302s) [223登録/235済/364]
  ✅ yamazaki-pan       7人 食品・飲料 (328s) [224登録/236済/364]
  [業界 食品・飲料 完了] 累計 登録224/隔離12 経過959分 並列3

--- 業界: 不動産・建設 (30社) 並列3 ---
  ✅ daito-kentaku      8人 不動産・建設 (346s) [225登録/237済/364]
  ✅ ando-hazama        8人 不動産・建設 (350s) [226登録/238済/364]
  ✅ daiwa-house        8人 不動産・建設 (359s) [227登録/239済/364]
  ✅ haseko             8人 不動産・建設 (353s) [228登録/240済/364]
  ✅ hulic              8人 不動産・建設 (358s) [229登録/241済/364]
  ✅ iida-group-hd      8人 不動産・建設 (374s) [230登録/242済/364]
  ✅ infroneer-hd       8人 不動産・建設 (346s) [231登録/243済/364]
  ✅ kandenko           8人 不動産・建設 (339s) [232登録/244済/364]
  ✅ kajima             8人 不動産・建設 (365s) [233登録/245済/364]
  ✅ kinden             8人 不動産・建設 (335s) [234登録/246済/364]
  ⚠ 隔離 mitsubishi-estate  lint error 1→登録ブロック
  ✅ kumagai-gumi       8人 不動産・建設 (344s) [235登録/248済/364]
  ✅ mitsui-fudosan     8人 不動産・建設 (342s) [236登録/249済/364]
  ✅ mori-building      8人 不動産・建設 (324s) [237登録/250済/364]
  ✅ nishimatsu         8人 不動産・建設 (352s) [238登録/251済/364]
  ⚠ 隔離 obayashi           lint error 1→登録ブロック
  ✅ nomura-fudosan-hd  8人 不動産・建設 (352s) [239登録/253済/364]
  ✅ open-house-group   8人 不動産・建設 (364s) [240登録/254済/364]
  ✅ penta-ocean        8人 不動産・建設 (349s) [241登録/255済/364]
  ✅ sekisui-house      8人 不動産・建設 (366s) [242登録/256済/364]
  ✅ shimizu            8人 不動産・建設 (316s) [243登録/257済/364]
  ✅ sumitomo-fudosan   8人 不動産・建設 (321s) [244登録/258済/364]
  ✅ sumitomo-forestry  8人 不動産・建設 (361s) [245登録/259済/364]
  ⚠ 隔離 taiki-sha          lint error 1→登録ブロック
  ✅ taisei             8人 不動産・建設 (337s) [246登録/261済/364]
  ✅ takasago-thermal   8人 不動産・建設 (349s) [247登録/262済/364]
  ✅ takenaka           8人 不動産・建設 (370s) [248登録/263済/364]
  ✅ toda               8人 不動産・建設 (332s) [249登録/264済/364]
  ✅ tokyo-tatemono     8人 不動産・建設 (334s) [250登録/265済/364]
  ✅ tokyu-fudosan-hd   8人 不動産・建設 (356s) [251登録/266済/364]
  [業界 不動産・建設 完了] 累計 登録251/隔離15 経過1022分 並列3

--- 業界: メーカー (59社) 並列3 ---
  ✅ agc                9人 メーカー (397s) [252登録/267済/364]
  ✅ advantest          9人 メーカー (401s) [253登録/268済/364]
  ✅ aisin              9人 メーカー (498s) [254登録/269済/364]
  ⚠ 隔離 asahi-kasei        lint error 1→登録ブロック
  ✅ bridgestone        9人 メーカー (380s) [255登録/271済/364]
  ⚠ 隔離 canon              lint error 1→登録ブロック
  ✅ daikin             9人 メーカー (2255s) [256登録/273済/364]
  ✅ denso              9人 メーカー (2268s) [257登録/274済/364]
  ✅ fanuc              9人 メーカー (400s) [258登録/275済/364]
  ✅ fujifilm-hd        9人 メーカー (393s) [259登録/276済/364]
  ✅ hitachi            9人 メーカー (400s) [260登録/277済/364]
  ✅ honda              9人 メーカー (396s) [261登録/278済/364]
  ✅ hoya               9人 メーカー (372s) [262登録/279済/364]
  ✅ ihi                9人 メーカー (400s) [263登録/280済/364]
  ✅ isuzu              9人 メーカー (369s) [264登録/281済/364]
  ✅ jfe-hd             9人 メーカー (373s) [265登録/282済/364]
  ✅ kao                9人 メーカー (417s) [266登録/283済/364]
  ✅ kawasaki-heavy     9人 メーカー (416s) [267登録/284済/364]
  ✅ kobayashi-pharma   9人 メーカー (385s) [268登録/285済/364]
  ✅ kobe-steel         9人 メーカー (385s) [269登録/286済/364]
  ✅ komatsu            9人 メーカー (370s) [270登録/287済/364]
  ✅ kose               9人 メーカー (358s) [271登録/288済/364]
  ✅ kubota             9人 メーカー (391s) [272登録/289済/364]
  ✅ kyocera            9人 メーカー (366s) [273登録/290済/364]
