=== room_personas→personas 一括同期: 対象254社 (registered-v3・三井除外) ===
  ...25/254 同期済25
  ...50/254 同期済50
  ...75/254 同期済75
  ...100/254 同期済100
  ...125/254 同期済125
  ...150/254 同期済150
  ...175/254 同期済175
  ...200/254 同期済200
  ...225/254 同期済225
  ...250/254 同期済250

同期成功: 254/254社
氏名衝突あり(要フルGO前是正): 106社
  sumitomo-corp: 姓重複['中村', '山本'] フルネーム重複[]
  iwatani: 姓重複['清水', '西村'] フルネーム重複[]
  shinkokusyoji: 姓重複['青木'] フルネーム重複[]
  daiichi-sankyo: 姓重複['井上', '岡田'] フルネーム重複['岡田 直樹']
  chugai: 姓重複['石川'] フルネーム重複[]
  eisai: 姓重複['林'] フルネーム重複[]
  shionogi: 姓重複['藤田'] フルネーム重複[]
  nomura: 姓重複['吉田', '斎藤'] フルネーム重複[]
  ntt: 姓重複['遠藤'] フルネーム重複[]
  ntt-data: 姓重複['伊藤'] フルネーム重複[]
  ntt-docomo: 姓重複['渡辺', '藤田'] フルネーム重複[]
  kddi: 姓重複['山崎'] フルネーム重複[]
  otsuka-shokai: 姓重複['小林', '遠藤'] フルネーム重複[]
  scsk: 姓重複['斎藤'] フルネーム重複[]
  ctc: 姓重複['鈴木'] フルネーム重複[]
  ns-solutions: 姓重複['高橋'] フルネーム重複[]
  sky: 姓重複['山田', '石川'] フルネーム重複[]
  cyberagent: 姓重複['鈴木'] フルネーム重複[]
  mixi: 姓重複['坂本'] フルネーム重複[]
  mercari: 姓重複['山田'] フルネーム重複[]
  line-yahoo: 姓重複['伊藤', '村上'] フルネーム重複[]
  smarthr: 姓重複['西村'] フルネーム重複[]
  kaonavi: 姓重複['石川'] フルネーム重複[]
  plaid: 姓重複['藤井'] フルネーム重複[]
  pref-networks: 姓重複['高橋'] フルネーム重複[]
  sakana-ai: 姓重複['佐藤'] フルネーム重複[]
  pksha: 姓重複['山口'] フルネーム重複[]
  appier: 姓重複['松本'] フルネーム重複[]
  brainpad: 姓重複['中村', '橋本'] フルネーム重複[]
  fronteo: 姓重複['田中'] フルネーム重複[]
  abeja: 姓重複['斎藤'] フルネーム重複[]
  bandai-namco: 姓重複['岡田'] フルネーム重複[]
  capcom: 姓重複['山田', '石川'] フルネーム重複[]
  konami: 姓重複['後藤'] フルネーム重複[]
  accenture: 姓重複['松本'] フルネーム重複[]
  pwc: 姓重複['山田'] フルネーム重複[]
  ey: 姓重複['小林', '池田'] フルネーム重複[]
  kpmg: 姓重複['井上', '岡田'] フルネーム重複[]
  abeam: 姓重複['吉田'] フルネーム重複[]
  baycurrent: 姓重複['井上', '小林'] フルネーム重複[]
=== room_personas→personas 一括同期: 対象0社 (registered-v3・三井除外) ===

同期成功: 0/0社
氏名衝突あり(要フルGO前是正): 0社
=== room_personas→personas 一括同期: 対象3社 (registered-v3・三井除外) ===

同期成功: 3/3社
氏名衝突あり(要フルGO前是正): 1社
  daiwa-house: 姓重複['加藤'] フルネーム重複[]
=== room_personas→personas 一括同期: 対象3社 (registered-v3・三井除外) ===

同期成功: 3/3社
氏名衝突あり(要フルGO前是正): 3社
  hulic: 姓重複['加藤', '鈴木'] フルネーム重複[]
  iida-group-hd: 姓重複['山崎'] フルネーム重複[]
  haseko: 姓重複['西村'] フルネーム重複['西村 亮']
=== room_personas→personas 一括同期: 対象3社 (registered-v3・三井除外) ===

同期成功: 3/3社
氏名衝突あり(要フルGO前是正): 1社
  kandenko: 姓重複['藤井'] フルネーム重複[]
=== room_personas→personas 一括同期: 対象1社 (registered-v3・三井除外) ===

同期成功: 1/1社
氏名衝突あり(要フルGO前是正): 0社
=== room_personas→personas 一括同期: 対象1社 (registered-v3・三井除外) ===

同期成功: 1/1社
氏名衝突あり(要フルGO前是正): 0社
=== room_personas→personas 一括同期: 対象3社 (registered-v3・三井除外) ===

同期成功: 3/3社
氏名衝突あり(要フルGO前是正): 0社
=== room_personas→personas 一括同期: 対象2社 (registered-v3・三井除外) ===

同期成功: 2/2社
氏名衝突あり(要フルGO前是正): 2社
  nomura-fudosan-hd: 姓重複['石川'] フルネーム重複[]
  open-house-group: 姓重複['村上'] フルネーム重複[]
=== room_personas→personas 一括同期: 対象3社 (registered-v3・三井除外) ===

同期成功: 3/3社
氏名衝突あり(要フルGO前是正): 1社
  sekisui-house: 姓重複['青木'] フルネーム重複['青木 健太']
=== room_personas→personas 一括同期: 対象2社 (registered-v3・三井除外) ===

同期成功: 2/2社
氏名衝突あり(要フルGO前是正): 1社
  sumitomo-forestry: 姓重複['山口'] フルネーム重複[]
=== room_personas→personas 一括同期: 対象3社 (registered-v3・三井除外) ===

同期成功: 3/3社
氏名衝突あり(要フルGO前是正): 3社
  taisei: 姓重複['清水'] フルネーム重複[]
  takenaka: 姓重複['後藤'] フルネーム重複[]
  takasago-thermal: 姓重複['中島'] フルネーム重複[]
=== room_personas→personas 一括同期: 対象3社 (registered-v3・三井除外) ===

同期成功: 3/3社
氏名衝突あり(要フルGO前是正): 2社
  tokyu-fudosan-hd: 姓重複['佐藤'] フルネーム重複[]
  toda: 姓重複['藤田'] フルネーム重複[]
=== room_personas→personas 一括同期: 対象0社 (registered-v3・三井除外) ===

同期成功: 0/0社
氏名衝突あり(要フルGO前是正): 0社
=== room_personas→personas 一括同期: 対象0社 (registered-v3・三井除外) ===

同期成功: 0/0社
氏名衝突あり(要フルGO前是正): 0社
=== room_personas→personas 一括同期: 対象3社 (registered-v3・三井除外) ===

同期成功: 3/3社
氏名衝突あり(要フルGO前是正): 0社
=== room_personas→personas 一括同期: 対象1社 (registered-v3・三井除外) ===

同期成功: 1/1社
氏名衝突あり(要フルGO前是正): 1社
  bridgestone: 姓重複['山崎'] フルネーム重複[]
=== room_personas→personas 一括同期: 対象1社 (registered-v3・三井除外) ===

同期成功: 1/1社
氏名衝突あり(要フルGO前是正): 1社
  daikin: 姓重複['松本', '清水'] フルネーム重複[]
=== room_personas→personas 一括同期: 対象2社 (registered-v3・三井除外) ===

同期成功: 2/2社
氏名衝突あり(要フルGO前是正): 1社
  fanuc: 姓重複['池田', '清水'] フルネーム重複['清水 光']
=== room_personas→personas 一括同期: 対象3社 (registered-v3・三井除外) ===

同期成功: 3/3社
氏名衝突あり(要フルGO前是正): 3社
  honda: 姓重複['吉田'] フルネーム重複[]
  hitachi: 姓重複['高橋'] フルネーム重複[]
  fujifilm-hd: 姓重複['池田'] フルネーム重複[]
=== room_personas→personas 一括同期: 対象2社 (registered-v3・三井除外) ===

同期成功: 2/2社
氏名衝突あり(要フルGO前是正): 1社
  ihi: 姓重複['藤田'] フルネーム重複[]
=== room_personas→personas 一括同期: 対象2社 (registered-v3・三井除外) ===

同期成功: 2/2社
氏名衝突あり(要フルGO前是正): 1社
  jfe-hd: 姓重複['山口', '阿部'] フルネーム重複[]
=== room_personas→personas 一括同期: 対象3社 (registered-v3・三井除外) ===

同期成功: 3/3社
氏名衝突あり(要フルGO前是正): 3社
  kawasaki-heavy: 姓重複['坂本'] フルネーム重複[]
  kao: 姓重複['井上'] フルネーム重複[]
  kobayashi-pharma: 姓重複['石川'] フルネーム重複[]
=== room_personas→personas 一括同期: 対象2社 (registered-v3・三井除外) ===

同期成功: 2/2社
氏名衝突あり(要フルGO前是正): 1社
  kobe-steel: 姓重複['松本', '林'] フルネーム重複[]
=== room_personas→personas 一括同期: 対象3社 (registered-v3・三井除外) ===

同期成功: 3/3社
氏名衝突あり(要フルGO前是正): 2社
  kyocera: 姓重複['中島'] フルネーム重複[]
  kubota: 姓重複['渡辺'] フルネーム重複[]
